  Chess2.cpp
C:\Users\abdus\source\repos\Chess-Game\Chess2.cpp(59,35): warning C4244: 'argument': conversion from 'int' to 'float', possible loss of data
C:\Users\abdus\source\repos\Chess-Game\Chess2.cpp(59,25): warning C4244: 'argument': conversion from 'int' to 'float', possible loss of data
C:\Users\abdus\source\repos\Chess-Game\Chess2.cpp(88,101): warning C4244: 'argument': conversion from 'T' to 'T', possible loss of data
C:\Users\abdus\source\repos\Chess-Game\Chess2.cpp(88,101): warning C4244:         with
C:\Users\abdus\source\repos\Chess-Game\Chess2.cpp(88,101): warning C4244:         [
C:\Users\abdus\source\repos\Chess-Game\Chess2.cpp(88,101): warning C4244:             T=int
C:\Users\abdus\source\repos\Chess-Game\Chess2.cpp(88,101): warning C4244:         ]
C:\Users\abdus\source\repos\Chess-Game\Chess2.cpp(88,101): warning C4244:         and
C:\Users\abdus\source\repos\Chess-Game\Chess2.cpp(88,101): warning C4244:         [
C:\Users\abdus\source\repos\Chess-Game\Chess2.cpp(88,101): warning C4244:             T=float
C:\Users\abdus\source\repos\Chess-Game\Chess2.cpp(88,101): warning C4244:         ]
C:\Users\abdus\source\repos\Chess-Game\Chess2.cpp(88,71): warning C4244: 'argument': conversion from 'T' to 'T', possible loss of data
C:\Users\abdus\source\repos\Chess-Game\Chess2.cpp(88,71): warning C4244:         with
C:\Users\abdus\source\repos\Chess-Game\Chess2.cpp(88,71): warning C4244:         [
C:\Users\abdus\source\repos\Chess-Game\Chess2.cpp(88,71): warning C4244:             T=int
C:\Users\abdus\source\repos\Chess-Game\Chess2.cpp(88,71): warning C4244:         ]
C:\Users\abdus\source\repos\Chess-Game\Chess2.cpp(88,71): warning C4244:         and
C:\Users\abdus\source\repos\Chess-Game\Chess2.cpp(88,71): warning C4244:         [
C:\Users\abdus\source\repos\Chess-Game\Chess2.cpp(88,71): warning C4244:             T=float
C:\Users\abdus\source\repos\Chess-Game\Chess2.cpp(88,71): warning C4244:         ]
C:\Users\abdus\source\repos\Chess-Game\Chess2.cpp(101,98): warning C4244: 'argument': conversion from 'int' to 'float', possible loss of data
C:\Users\abdus\source\repos\Chess-Game\Chess2.cpp(101,63): warning C4244: 'argument': conversion from 'int' to 'float', possible loss of data
C:\Users\abdus\source\repos\Chess-Game\Chess2.cpp(104,55): warning C4244: 'argument': conversion from 'int' to 'float', possible loss of data
C:\Users\abdus\source\repos\Chess-Game\Chess2.cpp(104,42): warning C4244: 'argument': conversion from 'int' to 'float', possible loss of data
C:\Users\abdus\source\repos\Chess-Game\Chess2.cpp(330,5): warning C4553: '==': result of expression not used; did you intend '='?
C:\Users\abdus\source\repos\Chess-Game\Chess2.cpp(335,92): warning C4244: 'argument': conversion from 'int' to 'float', possible loss of data
C:\Users\abdus\source\repos\Chess-Game\Chess2.cpp(335,55): warning C4244: 'argument': conversion from 'int' to 'float', possible loss of data
  Generating code
  Previous IPDB not found, fall back to full compilation.
  All 407 functions were compiled because no usable IPDB/IOBJ from previous compilation was found.
  Finished generating code
  Chess-Game.vcxproj -> C:\Users\abdus\source\repos\Chess-Game\x64\Release\Chess-Game.exe
